<?xml version="1.0" encoding="UTF-8"?>
<!-- Generated by org.testng.reporters.JUnitReportReporter -->
<testsuite hostname="TareK" failures="0" tests="1" name="pages.Admin_Login" time="22.097" errors="0" timestamp="2025-01-25T23:00:50 CET" skipped="0">
  <testcase classname="pages.Admin_Login" name="adminLogin" time="22.097"/>
</testsuite> <!-- pages.Admin_Login -->
