<?xml version="1.0" encoding="UTF-8"?>
<!-- Generated by org.testng.reporters.JUnitReportReporter -->
<testsuite hostname="TareK" failures="0" tests="1" name="pages.Order_Created" time="33.802" errors="0" timestamp="2025-01-25T23:40:30 CET" skipped="0">
  <testcase classname="pages.Order_Created" name="Order_Created_Test" time="33.802"/>
</testsuite> <!-- pages.Order_Created -->
