<?xml version="1.0" encoding="UTF-8"?>
<!-- Generated by org.testng.reporters.JUnitReportReporter -->
<testsuite hostname="TareK" failures="0" tests="1" name="pages.Customer_Login" time="31.041" errors="0" timestamp="2025-01-25T23:04:36 CET" skipped="0">
  <testcase classname="pages.Customer_Login" name="Customer_Access" time="31.041"/>
</testsuite> <!-- pages.Customer_Login -->
